<?xml version="1.0" encoding="UTF-8"?>
<!-- Generated by org.testng.reporters.JUnitXMLReporter -->
<testsuite ignored="0" hostname="Aquarium" failures="0" tests="5" name="Login Tests" time="53.144" errors="0" timestamp="2026-04-04T21:21:35 EDT">
  <testcase classname="LoginTests" name="test1_VerifyLoginPageTitle" time="9.0"/>
  <testcase classname="LoginTests" name="test2_ValidLogin" time="10.7"/>
  <testcase classname="LoginTests" name="test3_InvalidPasswordShowsError" time="12.488"/>
  <testcase classname="LoginTests" name="test4_ForgotPasswordLink" time="8.64"/>
  <testcase classname="LoginTests" name="test5_SignInWithGoogle" time="6.171"/>
</testsuite> <!-- Login Tests -->
