<?xml version="1.0" encoding="UTF-8"?>
<!-- Generated by org.testng.reporters.JUnitXMLReporter -->
<testsuite ignored="0" hostname="Aquarium" failures="0" tests="5" name="Signup Tests" time="18.75" errors="0" timestamp="2026-04-04T21:21:54 EDT">
  <testcase classname="SignupTests" name="test1_VerifySignUpPageTitle" time="5.122"/>
  <testcase classname="SignupTests" name="test2_EmptyFormValidation" time="3.288"/>
  <testcase classname="SignupTests" name="test3_CountryDropdown" time="3.837"/>
  <testcase classname="SignupTests" name="test4_InvalidEmailError" time="1.381"/>
  <testcase classname="SignupTests" name="test5_TermsOfServiceLink" time="2.3"/>
</testsuite> <!-- Signup Tests -->
