<?xml version="1.0" encoding="UTF-8"?>
<testsuite xmlns:xsi="http://www.w3.org/2001/XMLSchema-instance" xsi:noNamespaceSchemaLocation="https://maven.apache.org/surefire/maven-surefire-plugin/xsd/surefire-test-report-3.0.xsd" version="3.0" name="TestSuite" time="93.396" tests="15" errors="0" skipped="0" failures="0">
  <properties>
[...]
</properties>
  <testcase name="test1_VerifyLoginPageTitle" classname="LoginTests" time="8.998">
    <system-out><![CDATA[...
... TestNG 7.12.0 by Cédric Beust (cedric@beust.com)
...

Login page title: Sign in to GitHub · GitHub
]]></system-out>
    <system-err><![CDATA[SLF4J(W): No SLF4J providers were found.
SLF4J(W): Defaulting to no-operation (NOP) logger implementation
SLF4J(W): See https://www.slf4j.org/codes.html#noProviders for further details.
Apr 04, 2026 9:20:43 PM org.openqa.selenium.devtools.CdpVersionFinder findNearestMatch
WARNING: Unable to find an exact match for CDP version 146, returning the closest version; found: 145; Please update to a Selenium version that supports CDP version 146
]]></system-err>
  </testcase>
  <testcase name="test2_ValidLogin" classname="LoginTests" time="10.697">
    <system-out><![CDATA[Post-login page title: GitHub
]]></system-out>
  </testcase>
  <testcase name="test3_InvalidPasswordShowsError" classname="LoginTests" time="12.488">
    <system-out><![CDATA[Login error message: Incorrect username or password.
 
]]></system-out>
    <system-err><![CDATA[Apr 04, 2026 9:21:06 PM org.openqa.selenium.devtools.CdpVersionFinder findNearestMatch
WARNING: Unable to find an exact match for CDP version 146, returning the closest version; found: 145; Please update to a Selenium version that supports CDP version 146
]]></system-err>
  </testcase>
  <testcase name="test4_ForgotPasswordLink" classname="LoginTests" time="8.64">
    <system-out><![CDATA[Screenshot saved to: C:\Users\Theba\Downloads\VSCode\HW - Copy\hw\screenshots\test4_forgot_password.png
]]></system-out>
  </testcase>
  <testcase name="test5_SignInWithGoogle" classname="LoginTests" time="6.171">
    <system-out><![CDATA[Google sign-in redirect page title: Sign in - Google Accounts
]]></system-out>
  </testcase>
  <testcase name="test1_VerifySignUpPageTitle" classname="SignupTests" time="5.121">
    <system-out><![CDATA[Sign-up page title: Sign up for GitHub · GitHub
]]></system-out>
    <system-err><![CDATA[Apr 04, 2026 9:21:36 PM org.openqa.selenium.devtools.CdpVersionFinder findNearestMatch
WARNING: Unable to find an exact match for CDP version 146, returning the closest version; found: 145; Please update to a Selenium version that supports CDP version 146
]]></system-err>
  </testcase>
  <testcase name="test2_EmptyFormValidation" classname="SignupTests" time="3.287">
    <system-out><![CDATA[Validation error messages found (3):
  - Email cannot be blank
  - Password cannot be blank
  - Username cannot be blank
]]></system-out>
  </testcase>
  <testcase name="test3_CountryDropdown" classname="SignupTests" time="3.837">
    <system-out><![CDATA[Country selected: Canada
]]></system-out>
  </testcase>
  <testcase name="test4_InvalidEmailError" classname="SignupTests" time="1.382">
    <system-out><![CDATA[Email validation error: Email is invalid or already taken
]]></system-out>
  </testcase>
  <testcase name="test5_TermsOfServiceLink" classname="SignupTests" time="2.3">
    <system-out><![CDATA[Terms of Service URL: https://docs.github.com/en/site-policy/github-terms/github-terms-of-service
]]></system-out>
  </testcase>
  <testcase name="test1_SearchDropdownSecurity" classname="SearchTests" time="6.259">
    <system-out><![CDATA[Page title after selecting Security: GitHub Security · GitHub
]]></system-out>
    <system-err><![CDATA[Apr 04, 2026 9:21:55 PM org.openqa.selenium.devtools.CdpVersionFinder findNearestMatch
WARNING: Unable to find an exact match for CDP version 146, returning the closest version; found: 145; Please update to a Selenium version that supports CDP version 146
]]></system-err>
  </testcase>
  <testcase name="test2_SearchSyntaxTipsLink" classname="SearchTests" time="3.221">
    <system-out><![CDATA[Search syntax tips URL: https://docs.github.com/en/search-github/github-code-search/understanding-github-code-search-syntax
]]></system-out>
  </testcase>
  <testcase name="test3_SearchTesting" classname="SearchTests" time="4.367">
    <system-out><![CDATA[Search 'Testing' URL: https://github.com/search?q=Testing&type=repositories
Screenshot saved: C:\Users\Theba\Downloads\VSCode\HW - Copy\hw\screenshots\test3_search_testing_results.png
]]></system-out>
  </testcase>
  <testcase name="test4_FilterIssuesSortNewest" classname="SearchTests" time="2.58">
    <system-out><![CDATA[URL after filtering issues: https://github.com/search?q=Testing&type=issues
Screenshot saved: C:\Users\Theba\Downloads\VSCode\HW - Copy\hw\screenshots\test4_issues_results.png
]]></system-out>
  </testcase>
  <testcase name="test5_AdvancedSearch" classname="SearchTests" time="1.906">
    <system-out><![CDATA[Advanced search URL: https://github.com/search/advanced
]]></system-out>
  </testcase>
</testsuite>