<?xml version="1.0" encoding="UTF-8"?>
<!-- Generated by org.testng.reporters.JUnitReportReporter -->
<testsuite hostname="Aquarium" failures="0" tests="5" name="LoginTests" time="49.805" errors="0" timestamp="2026-04-04T21:22:15 EDT" skipped="0">
  <testcase classname="LoginTests" name="test1_VerifyLoginPageTitle" time="9.001"/>
  <testcase classname="LoginTests" name="test2_ValidLogin" time="10.700"/>
  <testcase classname="LoginTests" name="test3_InvalidPasswordShowsError" time="12.489"/>
  <testcase classname="LoginTests" name="test4_ForgotPasswordLink" time="8.641"/>
  <testcase classname="LoginTests" name="test5_SignInWithGoogle" time="8.974"/>
</testsuite> <!-- LoginTests -->
