<?xml version="1.0" encoding="UTF-8"?>
<!-- Generated by org.testng.reporters.JUnitReportReporter -->
<testsuite hostname="Aquarium" failures="0" tests="5" name="SignupTests" time="15.928" errors="0" timestamp="2026-04-04T21:22:15 EDT" skipped="0">
  <testcase classname="SignupTests" name="test1_VerifySignUpPageTitle" time="5.122"/>
  <testcase classname="SignupTests" name="test2_EmptyFormValidation" time="3.288"/>
  <testcase classname="SignupTests" name="test3_CountryDropdown" time="3.837"/>
  <testcase classname="SignupTests" name="test4_InvalidEmailError" time="1.381"/>
  <testcase classname="SignupTests" name="test5_TermsOfServiceLink" time="2.300"/>
</testsuite> <!-- SignupTests -->
