<?xml version="1.0" encoding="UTF-8"?>
<!-- Generated by org.testng.reporters.JUnitReportReporter -->
<testsuite hostname="Aquarium" failures="0" tests="5" name="SearchTests" time="18.337" errors="0" timestamp="2026-04-04T21:22:15 EDT" skipped="0">
  <testcase classname="SearchTests" name="test1_SearchDropdownSecurity" time="6.261"/>
  <testcase classname="SearchTests" name="test2_SearchSyntaxTipsLink" time="3.221"/>
  <testcase classname="SearchTests" name="test3_SearchTesting" time="4.368"/>
  <testcase classname="SearchTests" name="test4_FilterIssuesSortNewest" time="2.580"/>
  <testcase classname="SearchTests" name="test5_AdvancedSearch" time="1.907"/>
</testsuite> <!-- SearchTests -->
